<?xml version="1.0" encoding="UTF-8"?>
<testsuite xmlns:xsi="http://www.w3.org/2001/XMLSchema-instance" xsi:noNamespaceSchemaLocation="https://maven.apache.org/surefire/maven-surefire-plugin/xsd/surefire-test-report.xsd" name="mastermind.TestMastermindDifferentLetters" time="0.116" tests="20" errors="0" skipped="0" failures="0">
  <properties>
    <property name="java.specification.version" value="16"/>
    <property name="sun.jnu.encoding" value="UTF-8"/>
    <property name="java.class.path" value="/home/hcastro/Coding/mastermind/target/test-classes:/home/hcastro/Coding/mastermind/target/classes:/home/hcastro/.m2/repository/org/jetbrains/kotlin/kotlin-test-junit/1.5.10/kotlin-test-junit-1.5.10.jar:/home/hcastro/.m2/repository/org/jetbrains/kotlin/kotlin-test/1.5.10/kotlin-test-1.5.10.jar:/home/hcastro/.m2/repository/junit/junit/4.12/junit-4.12.jar:/home/hcastro/.m2/repository/org/hamcrest/hamcrest-core/1.3/hamcrest-core-1.3.jar:/home/hcastro/.m2/repository/org/jetbrains/kotlin/kotlin-stdlib-jdk8/1.5.10/kotlin-stdlib-jdk8-1.5.10.jar:/home/hcastro/.m2/repository/org/jetbrains/kotlin/kotlin-stdlib/1.5.10/kotlin-stdlib-1.5.10.jar:/home/hcastro/.m2/repository/org/jetbrains/annotations/13.0/annotations-13.0.jar:/home/hcastro/.m2/repository/org/jetbrains/kotlin/kotlin-stdlib-common/1.5.10/kotlin-stdlib-common-1.5.10.jar:/home/hcastro/.m2/repository/org/jetbrains/kotlin/kotlin-stdlib-jdk7/1.5.10/kotlin-stdlib-jdk7-1.5.10.jar:"/>
    <property name="java.vm.vendor" value="Oracle Corporation"/>
    <property name="sun.arch.data.model" value="64"/>
    <property name="java.vendor.url" value="https://java.oracle.com/"/>
    <property name="os.name" value="Linux"/>
    <property name="java.vm.specification.version" value="16"/>
    <property name="sun.java.launcher" value="SUN_STANDARD"/>
    <property name="user.country" value="US"/>
    <property name="sun.boot.library.path" value="/home/hcastro/.jdks/openjdk-16.0.1/lib"/>
    <property name="sun.java.command" value="/home/hcastro/Coding/mastermind/target/surefire/surefirebooter14702258844094463792.jar /home/hcastro/Coding/mastermind/target/surefire 2021-06-12T00-08-39_093-jvmRun1 surefire6567249810818233876tmp surefire_04399970024482395482tmp"/>
    <property name="jdk.debug" value="release"/>
    <property name="surefire.test.class.path" value="/home/hcastro/Coding/mastermind/target/test-classes:/home/hcastro/Coding/mastermind/target/classes:/home/hcastro/.m2/repository/org/jetbrains/kotlin/kotlin-test-junit/1.5.10/kotlin-test-junit-1.5.10.jar:/home/hcastro/.m2/repository/org/jetbrains/kotlin/kotlin-test/1.5.10/kotlin-test-1.5.10.jar:/home/hcastro/.m2/repository/junit/junit/4.12/junit-4.12.jar:/home/hcastro/.m2/repository/org/hamcrest/hamcrest-core/1.3/hamcrest-core-1.3.jar:/home/hcastro/.m2/repository/org/jetbrains/kotlin/kotlin-stdlib-jdk8/1.5.10/kotlin-stdlib-jdk8-1.5.10.jar:/home/hcastro/.m2/repository/org/jetbrains/kotlin/kotlin-stdlib/1.5.10/kotlin-stdlib-1.5.10.jar:/home/hcastro/.m2/repository/org/jetbrains/annotations/13.0/annotations-13.0.jar:/home/hcastro/.m2/repository/org/jetbrains/kotlin/kotlin-stdlib-common/1.5.10/kotlin-stdlib-common-1.5.10.jar:/home/hcastro/.m2/repository/org/jetbrains/kotlin/kotlin-stdlib-jdk7/1.5.10/kotlin-stdlib-jdk7-1.5.10.jar:"/>
    <property name="sun.cpu.endian" value="little"/>
    <property name="user.home" value="/home/hcastro"/>
    <property name="user.language" value="en"/>
    <property name="java.specification.vendor" value="Oracle Corporation"/>
    <property name="java.version.date" value="2021-04-20"/>
    <property name="java.home" value="/home/hcastro/.jdks/openjdk-16.0.1"/>
    <property name="file.separator" value="/"/>
    <property name="basedir" value="/home/hcastro/Coding/mastermind"/>
    <property name="java.vm.compressedOopsMode" value="Zero based"/>
    <property name="line.separator" value="&#10;"/>
    <property name="java.vm.specification.vendor" value="Oracle Corporation"/>
    <property name="java.specification.name" value="Java Platform API Specification"/>
    <property name="surefire.real.class.path" value="/home/hcastro/Coding/mastermind/target/surefire/surefirebooter14702258844094463792.jar"/>
    <property name="sun.management.compiler" value="HotSpot 64-Bit Tiered Compilers"/>
    <property name="java.runtime.version" value="16.0.1+9-24"/>
    <property name="user.name" value="hcastro"/>
    <property name="path.separator" value=":"/>
    <property name="os.version" value="5.11.0-7614-generic"/>
    <property name="java.runtime.name" value="OpenJDK Runtime Environment"/>
    <property name="file.encoding" value="UTF-8"/>
    <property name="java.vm.name" value="OpenJDK 64-Bit Server VM"/>
    <property name="localRepository" value="/home/hcastro/.m2/repository"/>
    <property name="java.vendor.url.bug" value="https://bugreport.java.com/bugreport/"/>
    <property name="java.io.tmpdir" value="/tmp"/>
    <property name="idea.version" value="2021.1.2"/>
    <property name="java.version" value="16.0.1"/>
    <property name="user.dir" value="/home/hcastro/Coding/mastermind"/>
    <property name="os.arch" value="amd64"/>
    <property name="java.vm.specification.name" value="Java Virtual Machine Specification"/>
    <property name="java.library.path" value="/usr/java/packages/lib:/usr/lib64:/lib64:/lib:/usr/lib"/>
    <property name="java.vm.info" value="mixed mode, sharing"/>
    <property name="java.vendor" value="Oracle Corporation"/>
    <property name="java.vm.version" value="16.0.1+9-24"/>
    <property name="sun.io.unicode.encoding" value="UnicodeLittle"/>
    <property name="java.class.version" value="60.0"/>
  </properties>
  <testcase name="test01SampleEqual" classname="mastermind.TestMastermindDifferentLetters" time="0.042"/>
  <testcase name="test02SampleOnlyWrongPositions" classname="mastermind.TestMastermindDifferentLetters" time="0"/>
  <testcase name="test03SampleSwap" classname="mastermind.TestMastermindDifferentLetters" time="0.001"/>
  <testcase name="test04RightPositions" classname="mastermind.TestMastermindDifferentLetters" time="0.001"/>
  <testcase name="test05WrongPositions" classname="mastermind.TestMastermindDifferentLetters" time="0"/>
  <testcase name="test06BothRightAndWrong" classname="mastermind.TestMastermindDifferentLetters" time="0.001"/>
  <testcase name="test07" classname="mastermind.TestMastermindDifferentLetters" time="0.001"/>
  <testcase name="test08" classname="mastermind.TestMastermindDifferentLetters" time="0"/>
  <testcase name="test09" classname="mastermind.TestMastermindDifferentLetters" time="0"/>
  <testcase name="test10" classname="mastermind.TestMastermindDifferentLetters" time="0.001"/>
  <testcase name="test11" classname="mastermind.TestMastermindDifferentLetters" time="0.001"/>
  <testcase name="test12" classname="mastermind.TestMastermindDifferentLetters" time="0"/>
  <testcase name="test13" classname="mastermind.TestMastermindDifferentLetters" time="0.001"/>
  <testcase name="test14" classname="mastermind.TestMastermindDifferentLetters" time="0"/>
  <testcase name="test15" classname="mastermind.TestMastermindDifferentLetters" time="0"/>
  <testcase name="test16" classname="mastermind.TestMastermindDifferentLetters" time="0"/>
  <testcase name="test17" classname="mastermind.TestMastermindDifferentLetters" time="0.001"/>
  <testcase name="test18" classname="mastermind.TestMastermindDifferentLetters" time="0"/>
  <testcase name="test19" classname="mastermind.TestMastermindDifferentLetters" time="0"/>
  <testcase name="test20" classname="mastermind.TestMastermindDifferentLetters" time="0"/>
</testsuite>